info it worked if it ends with ok
verbose cli [ 'node', '/usr/bin/npm', 'start' ]
info using npm@1.1.4
info using node@v0.6.12
verbose config file /home/wyatt/.npmrc
verbose config file /usr/etc/npmrc
verbose config file /usr/share/npm/npmrc
verbose caching /home/wyatt/Code/TestFlatiron/package.json
verbose loadDefaults TestApp@0.0.0
verbose run-script [ 'prestart', 'start', 'poststart' ]
info prestart TestApp@0.0.0
info start TestApp@0.0.0
verbose unsafe-perm in lifecycle true
silly exec sh "-c" "node ./lib/app.js"
silly spawning [ 'sh',
silly spawning   [ '-c', 'node ./lib/app.js' ],
silly spawning   '/home/wyatt/Code/TestFlatiron' ]
info TestApp@0.0.0 Failed to exec start script
ERR! TestApp@0.0.0 start: `node ./lib/app.js`
ERR! `sh "-c" "node ./lib/app.js"` failed with 1
ERR! 
ERR! Failed at the TestApp@0.0.0 start script.
ERR! This is most likely a problem with the TestApp package,
ERR! not with npm itself.
ERR! Tell the author that this fails on your system:
ERR!     node ./lib/app.js
ERR! You can get their info via:
ERR!     npm owner ls TestApp
ERR! There is likely additional logging output above.
ERR! 
ERR! System Linux 3.2.0-24-generic
ERR! command "node" "/usr/bin/npm" "start"
ERR! cwd /home/wyatt/Code/TestFlatiron
ERR! node -v v0.6.12
ERR! npm -v 1.1.4
ERR! code ELIFECYCLE
ERR! message TestApp@0.0.0 start: `node ./lib/app.js`
ERR! message `sh "-c" "node ./lib/app.js"` failed with 1
ERR! errno {}
verbose exit [ 1, true ]
